Determining if the pthread_create exist failed with the following output:
Change Dir: /home/chenxi/last_ws/build/CMakeFiles/CMakeTmp

Run Build Command:"/usr/bin/make" "cmTC_66f36/fast"
/usr/bin/make -f CMakeFiles/cmTC_66f36.dir/build.make CMakeFiles/cmTC_66f36.dir/build
make[1]: Entering directory '/home/chenxi/last_ws/build/CMakeFiles/CMakeTmp'
Building C object CMakeFiles/cmTC_66f36.dir/CheckSymbolExists.c.o
/usr/bin/cc     -o CMakeFiles/cmTC_66f36.dir/CheckSymbolExists.c.o   -c /home/chenxi/last_ws/build/CMakeFiles/CMakeTmp/CheckSymbolExists.c
Linking C executable cmTC_66f36
/usr/bin/cmake -E cmake_link_script CMakeFiles/cmTC_66f36.dir/link.txt --verbose=1
/usr/bin/cc       CMakeFiles/cmTC_66f36.dir/CheckSymbolExists.c.o  -o cmTC_66f36 -rdynamic 
CMakeFiles/cmTC_66f36.dir/CheckSymbolExists.c.o：在函数‘main’中：
CheckSymbolExists.c:(.text+0x16)：对‘pthread_create’未定义的引用
collect2: error: ld returned 1 exit status
CMakeFiles/cmTC_66f36.dir/build.make:97: recipe for target 'cmTC_66f36' failed
make[1]: *** [cmTC_66f36] Error 1
make[1]: Leaving directory '/home/chenxi/last_ws/build/CMakeFiles/CMakeTmp'
Makefile:126: recipe for target 'cmTC_66f36/fast' failed
make: *** [cmTC_66f36/fast] Error 2

File /home/chenxi/last_ws/build/CMakeFiles/CMakeTmp/CheckSymbolExists.c:
/* */
#include <pthread.h>

int main(int argc, char** argv)
{
  (void)argv;
#ifndef pthread_create
  return ((int*)(&pthread_create))[argc];
#else
  (void)argc;
  return 0;
#endif
}

Determining if the function pthread_create exists in the pthreads failed with the following output:
Change Dir: /home/chenxi/last_ws/build/CMakeFiles/CMakeTmp

Run Build Command:"/usr/bin/make" "cmTC_3a751/fast"
/usr/bin/make -f CMakeFiles/cmTC_3a751.dir/build.make CMakeFiles/cmTC_3a751.dir/build
make[1]: Entering directory '/home/chenxi/last_ws/build/CMakeFiles/CMakeTmp'
Building C object CMakeFiles/cmTC_3a751.dir/CheckFunctionExists.c.o
/usr/bin/cc    -DCHECK_FUNCTION_EXISTS=pthread_create   -o CMakeFiles/cmTC_3a751.dir/CheckFunctionExists.c.o   -c /usr/share/cmake-3.5/Modules/CheckFunctionExists.c
Linking C executable cmTC_3a751
/usr/bin/cmake -E cmake_link_script CMakeFiles/cmTC_3a751.dir/link.txt --verbose=1
/usr/bin/cc   -DCHECK_FUNCTION_EXISTS=pthread_create    CMakeFiles/cmTC_3a751.dir/CheckFunctionExists.c.o  -o cmTC_3a751 -rdynamic -lpthreads 
/usr/bin/ld: 找不到 -lpthreads
collect2: error: ld returned 1 exit status
CMakeFiles/cmTC_3a751.dir/build.make:97: recipe for target 'cmTC_3a751' failed
make[1]: *** [cmTC_3a751] Error 1
make[1]: Leaving directory '/home/chenxi/last_ws/build/CMakeFiles/CMakeTmp'
Makefile:126: recipe for target 'cmTC_3a751/fast' failed
make: *** [cmTC_3a751/fast] Error 2


